2021-08-26 11:17:47AM :: INFO :: Script started for today.
2021-08-26 11:17:47AM :: INFO :: Starting Session ......
2021-08-26 11:17:48AM :: INFO :: Logging In ......
2021-08-26 11:17:53AM :: INFO :: Successfully Logged In !!!
2021-08-26 11:17:53AM :: INFO :: Getting Attendance Event Card List for Today.
2021-08-26 11:17:53AM :: INFO :: Getting Attendance Activity Links From Event Card List for Today.
2021-08-26 11:17:55AM :: INFO :: Checking Active Attendance Links for 2021-Cyber Security-CS 511-A
2021-08-26 11:17:55AM :: INFO :: Got 0 Active Attendance Link for 2021-Cyber Security-CS 511-A
2021-08-26 11:17:56AM :: INFO :: Checking Active Attendance Links for 2021-Operating System-CS 501-A
2021-08-26 11:17:56AM :: INFO :: Got 0 Active Attendance Link for 2021-Operating System-CS 501-A
2021-08-26 11:17:56AM :: INFO :: Ending Session ......
2021-08-26 11:22:47AM :: INFO :: Starting Session ......
2021-08-26 11:22:49AM :: INFO :: Logging In ......
2021-08-26 11:22:53AM :: INFO :: Successfully Logged In !!!
2021-08-26 11:22:53AM :: INFO :: Getting Attendance Event Card List for Today.
2021-08-26 11:22:53AM :: INFO :: Getting Attendance Activity Links From Event Card List for Today.
2021-08-26 11:22:55AM :: INFO :: Checking Active Attendance Links for 2021-Cyber Security-CS 511-A
2021-08-26 11:22:55AM :: INFO :: Got 0 Active Attendance Link for 2021-Cyber Security-CS 511-A
2021-08-26 11:22:56AM :: INFO :: Checking Active Attendance Links for 2021-Operating System-CS 501-A
2021-08-26 11:22:56AM :: INFO :: Got 0 Active Attendance Link for 2021-Operating System-CS 501-A
2021-08-26 11:22:56AM :: INFO :: Ending Session ......
2021-08-26 11:27:58AM :: INFO :: Starting Session ......
2021-08-26 11:27:59AM :: INFO :: Logging In ......
2021-08-26 11:28:07AM :: INFO :: Successfully Logged In !!!
2021-08-26 11:28:07AM :: INFO :: Getting Attendance Event Card List for Today.
2021-08-26 11:28:07AM :: INFO :: Getting Attendance Activity Links From Event Card List for Today.
2021-08-26 11:28:11AM :: INFO :: Checking Active Attendance Links for 2021-Cyber Security-CS 511-A
2021-08-26 11:28:12AM :: INFO :: Got 0 Active Attendance Link for 2021-Cyber Security-CS 511-A
2021-08-26 11:28:12AM :: INFO :: Checking Active Attendance Links for 2021-Operating System-CS 501-A
2021-08-26 11:28:13AM :: INFO :: Got 0 Active Attendance Link for 2021-Operating System-CS 501-A
2021-08-26 11:28:13AM :: INFO :: Ending Session ......
2021-08-26 11:33:15AM :: INFO :: Starting Session ......
2021-08-26 11:33:16AM :: INFO :: Logging In ......
2021-08-26 11:33:22AM :: INFO :: Successfully Logged In !!!
2021-08-26 11:33:22AM :: INFO :: Getting Attendance Event Card List for Today.
2021-08-26 11:33:22AM :: INFO :: Getting Attendance Activity Links From Event Card List for Today.
2021-08-26 11:33:27AM :: INFO :: Checking Active Attendance Links for 2021-Cyber Security-CS 511-A
2021-08-26 11:33:27AM :: INFO :: Got 0 Active Attendance Link for 2021-Cyber Security-CS 511-A
2021-08-26 11:33:28AM :: INFO :: Checking Active Attendance Links for 2021-Operating System-CS 501-A
2021-08-26 11:33:28AM :: INFO :: Got 0 Active Attendance Link for 2021-Operating System-CS 501-A
2021-08-26 11:33:28AM :: INFO :: Ending Session ......
2021-08-26 11:38:30AM :: INFO :: Starting Session ......
2021-08-26 11:38:32AM :: INFO :: Logging In ......
2021-08-26 11:38:40AM :: INFO :: Successfully Logged In !!!
2021-08-26 11:38:40AM :: INFO :: Getting Attendance Event Card List for Today.
2021-08-26 11:38:40AM :: INFO :: Getting Attendance Activity Links From Event Card List for Today.
2021-08-26 11:38:50AM :: INFO :: Checking Active Attendance Links for 2021-Cyber Security-CS 511-A
2021-08-26 11:38:50AM :: INFO :: Got 0 Active Attendance Link for 2021-Cyber Security-CS 511-A
2021-08-26 11:38:51AM :: INFO :: Checking Active Attendance Links for 2021-Operating System-CS 501-A
2021-08-26 11:38:51AM :: INFO :: Got 0 Active Attendance Link for 2021-Operating System-CS 501-A
2021-08-26 11:38:51AM :: INFO :: Ending Session ......
2021-08-26 11:43:53AM :: INFO :: Starting Session ......
2021-08-26 11:43:55AM :: INFO :: Logging In ......
2021-08-26 11:44:05AM :: INFO :: Successfully Logged In !!!
2021-08-26 11:44:05AM :: INFO :: Getting Attendance Event Card List for Today.
2021-08-26 11:44:05AM :: INFO :: Getting Attendance Activity Links From Event Card List for Today.
2021-08-26 11:44:08AM :: INFO :: Checking Active Attendance Links for 2021-Cyber Security-CS 511-A
2021-08-26 11:44:08AM :: INFO :: Got 0 Active Attendance Link for 2021-Cyber Security-CS 511-A
2021-08-26 11:44:09AM :: INFO :: Checking Active Attendance Links for 2021-Operating System-CS 501-A
2021-08-26 11:44:09AM :: INFO :: Got 0 Active Attendance Link for 2021-Operating System-CS 501-A
2021-08-26 11:44:09AM :: INFO :: Ending Session ......
2021-08-26 11:49:11AM :: INFO :: Starting Session ......
2021-08-26 11:49:12AM :: INFO :: Logging In ......
2021-08-26 11:49:21AM :: INFO :: Successfully Logged In !!!
2021-08-26 11:49:21AM :: INFO :: Getting Attendance Event Card List for Today.
2021-08-26 11:49:21AM :: INFO :: Getting Attendance Activity Links From Event Card List for Today.
2021-08-26 11:49:28AM :: INFO :: Checking Active Attendance Links for 2021-Cyber Security-CS 511-A
2021-08-26 11:49:28AM :: INFO :: Got 0 Active Attendance Link for 2021-Cyber Security-CS 511-A
2021-08-26 11:49:31AM :: INFO :: Checking Active Attendance Links for 2021-Operating System-CS 501-A
2021-08-26 11:49:31AM :: INFO :: Got 0 Active Attendance Link for 2021-Operating System-CS 501-A
2021-08-26 11:49:31AM :: INFO :: Ending Session ......
2021-08-26 11:54:33AM :: INFO :: Starting Session ......
2021-08-26 11:54:34AM :: INFO :: Logging In ......
2021-08-26 11:54:39AM :: INFO :: Successfully Logged In !!!
2021-08-26 11:54:39AM :: INFO :: Getting Attendance Event Card List for Today.
2021-08-26 11:54:39AM :: INFO :: Getting Attendance Activity Links From Event Card List for Today.
2021-08-26 11:54:41AM :: INFO :: Checking Active Attendance Links for 2021-Cyber Security-CS 511-A
2021-08-26 11:54:42AM :: INFO :: Got 1 Active Attendance Link for 2021-Cyber Security-CS 511-A
2021-08-26 11:54:42AM :: INFO :: Trying to make you present ......
2021-08-26 11:54:44AM :: INFO :: You Are Present Now !!! 2021-Cyber Security-CS 511-A
2021-08-26 11:54:44AM :: ERROR :: Error : Message: stale element reference: element is not attached to the page document
  (Session info: headless chrome=92.0.4515.159)
 at make_me_present
Stack (most recent call last):
  File "C:\Users\anujs\PycharmProjects\Automate_ROLE\ROLE.py", line 205, in <module>
    main()
  File "C:\Users\anujs\PycharmProjects\Automate_ROLE\ROLE.py", line 180, in main
    schedule.run_pending()
  File "C:\Users\anujs\anaconda3\envs\Automate_ROLE\lib\site-packages\schedule\__init__.py", line 780, in run_pending
    default_scheduler.run_pending()
  File "C:\Users\anujs\anaconda3\envs\Automate_ROLE\lib\site-packages\schedule\__init__.py", line 100, in run_pending
    self._run_job(job)
  File "C:\Users\anujs\anaconda3\envs\Automate_ROLE\lib\site-packages\schedule\__init__.py", line 172, in _run_job
    ret = job.run()
  File "C:\Users\anujs\anaconda3\envs\Automate_ROLE\lib\site-packages\schedule\__init__.py", line 661, in run
    ret = self.job_func()
  File "C:\Users\anujs\PycharmProjects\Automate_ROLE\ROLE.py", line 149, in automate_attendance
    make_me_present(driver=driver, status_link_list=status_link_list)
  File "C:\Users\anujs\PycharmProjects\Automate_ROLE\ROLE.py", line 120, in make_me_present
    logging.error(f"Error : {exp} at make_me_present", stack_info=True)
2021-08-26 11:54:44AM :: ERROR :: Error : can only concatenate str (not "StaleElementReferenceException") to str at automate_attendance
Stack (most recent call last):
  File "C:\Users\anujs\PycharmProjects\Automate_ROLE\ROLE.py", line 205, in <module>
    main()
  File "C:\Users\anujs\PycharmProjects\Automate_ROLE\ROLE.py", line 180, in main
    schedule.run_pending()
  File "C:\Users\anujs\anaconda3\envs\Automate_ROLE\lib\site-packages\schedule\__init__.py", line 780, in run_pending
    default_scheduler.run_pending()
  File "C:\Users\anujs\anaconda3\envs\Automate_ROLE\lib\site-packages\schedule\__init__.py", line 100, in run_pending
    self._run_job(job)
  File "C:\Users\anujs\anaconda3\envs\Automate_ROLE\lib\site-packages\schedule\__init__.py", line 172, in _run_job
    ret = job.run()
  File "C:\Users\anujs\anaconda3\envs\Automate_ROLE\lib\site-packages\schedule\__init__.py", line 661, in run
    ret = self.job_func()
  File "C:\Users\anujs\PycharmProjects\Automate_ROLE\ROLE.py", line 156, in automate_attendance
    logging.error(f"Error : {error} at automate_attendance", stack_info=True)
2021-08-26 11:55:14AM :: INFO :: Starting Session ......
2021-08-26 11:55:17AM :: INFO :: Logging In ......
2021-08-26 11:55:22AM :: INFO :: Successfully Logged In !!!
2021-08-26 11:55:22AM :: INFO :: Getting Attendance Event Card List for Today.
2021-08-26 11:55:22AM :: INFO :: Getting Attendance Activity Links From Event Card List for Today.
2021-08-26 11:55:26AM :: INFO :: Checking Active Attendance Links for 2021-Cyber Security-CS 511-A
2021-08-26 11:55:26AM :: INFO :: Got 0 Active Attendance Link for 2021-Cyber Security-CS 511-A
2021-08-26 11:55:27AM :: INFO :: Checking Active Attendance Links for 2021-Operating System-CS 501-A
2021-08-26 11:55:27AM :: INFO :: Got 0 Active Attendance Link for 2021-Operating System-CS 501-A
2021-08-26 11:55:28AM :: INFO :: Ending Session ......
